{"total": {"lines":{"total":26,"covered":23,"skipped":0,"pct":88.46},"statements":{"total":26,"covered":23,"skipped":0,"pct":88.46},"functions":{"total":7,"covered":5,"skipped":0,"pct":71.43},"branches":{"total":13,"covered":13,"skipped":0,"pct":100}}
,"/home/landon/dev/code-coverage-action/src/libs/getPrId.js": {"lines":{"total":7,"covered":7,"skipped":0,"pct":100},"functions":{"total":1,"covered":1,"skipped":0,"pct":100},"statements":{"total":7,"covered":7,"skipped":0,"pct":100},"branches":{"total":2,"covered":2,"skipped":0,"pct":100}}
,"/home/landon/dev/code-coverage-action/src/libs/grabTableData.js": {"lines":{"total":9,"covered":9,"skipped":0,"pct":100},"functions":{"total":3,"covered":3,"skipped":0,"pct":100},"statements":{"total":9,"covered":9,"skipped":0,"pct":100},"branches":{"total":10,"covered":10,"skipped":0,"pct":100}}
,"/home/landon/dev/code-coverage-action/src/libs/runCoverageCommand.js": {"lines":{"total":10,"covered":7,"skipped":0,"pct":70},"functions":{"total":3,"covered":1,"skipped":0,"pct":33.33},"statements":{"total":10,"covered":7,"skipped":0,"pct":70},"branches":{"total":1,"covered":1,"skipped":0,"pct":100}}
}
